<?xml version="1.0" encoding="UTF-8"?>
<!-- Generated by org.testng.reporters.JUnitXMLReporter -->
<testsuite hostname="Rahuls-iMac.local" name="Selenium - Regular SignUP Feature" tests="1" failures="1" timestamp="22 Sep 2014 10:48:46 GMT" time="133.231" errors="0">
  <testcase name="regularSignUp" time="116.624" classname="com.auction.verifications.Index">
    <failure type="java.lang.AssertionError" message="expected [true] but found [false]">
      <![CDATA[java.lang.AssertionError: expected [true] but found [false]
	at com.auction.init.Common.assertElementPresent(Common.java:775)
	at com.auction.pages.SignupPage.verifyNewUserLoggedProperly(SignupPage.java:686)
	at com.auction.pages.SignupPage.regularSignUp(SignupPage.java:555)
	at com.auction.verifications.Index.regularSignUp(Index.java:70)
	at java.util.concurrent.FutureTask$Sync.innerRun(FutureTask.java:303)
	at java.util.concurrent.FutureTask.run(FutureTask.java:138)
	at java.util.concurrent.ThreadPoolExecutor$Worker.runTask(ThreadPoolExecutor.java:895)
	at java.util.concurrent.ThreadPoolExecutor$Worker.run(ThreadPoolExecutor.java:918)
	at java.lang.Thread.run(Thread.java:695)
... Removed 20 stack frames]]>
    </failure>
  </testcase> <!-- regularSignUp -->
</testsuite> <!-- Selenium - Regular SignUP Feature -->
