<html>
<head>
<title>TestNG:  Selenium - Regular SignUp With Basic Info  Not Mandatory and CC Info Mandatory</title>
<link href="../testng.css" rel="stylesheet" type="text/css" />
<link href="../my-testng.css" rel="stylesheet" type="text/css" />

<style type="text/css">
.log { display: none;} 
.stack-trace { display: none;} 
</style>
<script type="text/javascript">
<!--
function flip(e) {
  current = e.style.display;
  if (current == 'block') {
    e.style.display = 'none';
    return 0;
  }
  else {
    e.style.display = 'block';
    return 1;
  }
}

function toggleBox(szDivId, elem, msg1, msg2)
{
  var res = -1;  if (document.getElementById) {
    res = flip(document.getElementById(szDivId));
  }
  else if (document.all) {
    // this is the way old msie versions work
    res = flip(document.all[szDivId]);
  }
  if(elem) {
    if(res == 0) elem.innerHTML = msg1; else elem.innerHTML = msg2;
  }

}

function toggleAllBoxes() {
  if (document.getElementsByTagName) {
    d = document.getElementsByTagName('div');
    for (i = 0; i < d.length; i++) {
      if (d[i].className == 'log') {
        flip(d[i]);
      }
    }
  }
}

// -->
</script>

</head>
<body>
<h2 align='center'>Selenium - Regular SignUp With Basic Info  Not Mandatory and CC Info Mandatory</h2><table border='1' align="center">
<tr>
<td>Tests passed/Failed/Skipped:</td><td>0/0/1</td>
</tr><tr>
<td>Started on:</td><td>Mon Sep 22 15:05:14 IST 2014</td>
</tr>
<tr><td>Total time:</td><td>8 seconds (8112 ms)</td>
</tr><tr>
<td>Included groups:</td><td></td>
</tr><tr>
<td>Excluded groups:</td><td></td>
</tr>
</table><p/>
<small><i>(Hover the method name to see the test class name)</i></small><p/>
<table width='100%' border='1' class='invocation-failed'>
<tr><td colspan='4' align='center'><b>FAILED CONFIGURATIONS</b></td></tr>
<tr><td><b>Test method</b></td>
<td width="30%"><b>Exception</b></td>
<td width="10%"><b>Time (seconds)</b></td>
<td><b>Instance</b></td>
</tr>
<tr>
<td title='com.auction.verifications.Index.setUp()'><b>setUp</b><br>Test class: com.auction.verifications.Index<br>Parameters: public void com.auction.verifications.Index.regularSignupWithBasicInfoNotMandatoryAndCCInfoMandatory(java.lang.String,java.lang.String) throws java.lang.InterruptedException,java.awt.AWTException,java.text.ParseException</td>
<td><div><pre>org.openqa.selenium.WebDriverException: Error communicating with the remote browser. It may have died.
Build info: version: &apos;2.42.2&apos;, revision: &apos;6a6995d&apos;, time: &apos;2014-06-03 17:42:03&apos;
System info: host: &apos;Rahuls-iMac.local&apos;, ip: &apos;192.168.0.8&apos;, os.name: &apos;Mac OS X&apos;, os.arch: &apos;x86_64&apos;, os.version: &apos;10.9.4&apos;, java.version: &apos;1.7.0_67&apos;
Driver info: driver.version: EventFiringWebDriver
Command duration or timeout: 6.52 seconds
Build info: version: &apos;2.42.2&apos;, revision: &apos;6a6995d&apos;, time: &apos;2014-06-03 17:42:03&apos;
System info: host: &apos;Rahuls-iMac.local&apos;, ip: &apos;192.168.0.8&apos;, os.name: &apos;Mac OS X&apos;, os.arch: &apos;x86_64&apos;, os.version: &apos;10.9.4&apos;, java.version: &apos;1.7.0_67&apos;
Session ID: d2fedc97-a400-4d86-ab66-8f809729e5a8
Driver info: org.openqa.selenium.remote.RemoteWebDriver
Capabilities [{platform=MAC, acceptSslCerts=true, javascriptEnabled=true, browserName=firefox, rotatable=false, locationContextEnabled=true, webdriver.remote.sessionid=d2fedc97-a400-4d86-ab66-8f809729e5a8, version=31.0, cssSelectorsEnabled=true, databaseEnabled=true, handlesAlerts=true, nativeEvents=false, webStorageEnabled=true, applicationCacheEnabled=true, takesScreenshot=true}]
	at sun.reflect.NativeConstructorAccessorImpl.newInstance0(Native Method)
	at sun.reflect.NativeConstructorAccessorImpl.newInstance(NativeConstructorAccessorImpl.java:57)
	at sun.reflect.DelegatingConstructorAccessorImpl.newInstance(DelegatingConstructorAccessorImpl.java:45)
	at java.lang.reflect.Constructor.newInstance(Constructor.java:526)
	at org.openqa.selenium.remote.ErrorHandler.createThrowable(ErrorHandler.java:204)
	at org.openqa.selenium.remote.ErrorHandler.throwIfResponseFailed(ErrorHandler.java:156)
	at org.openqa.selenium.remote.RemoteWebDriver.execute(RemoteWebDriver.java:599)
	at org.openqa.selenium.remote.RemoteWebDriver.get(RemoteWebDriver.java:304)
	at com.auction.init.SeleniumInit.setUp(SeleniumInit.java:177)
	at sun.reflect.NativeMethodAccessorImpl.invoke0(Native Method)
	at sun.reflect.NativeMethodAccessorImpl.invoke(NativeMethodAccessorImpl.java:57)
	at sun.reflect.DelegatingMethodAccessorImpl.invoke(DelegatingMethodAccessorImpl.java:43)
	at java.lang.reflect.Method.invoke(Method.java:606)
	at org.testng.internal.MethodInvocationHelper.invokeMethod(MethodInvocationHelper.java:84)
	at org.testng.internal.Invoker.invokeConfigurationMethod(Invoker.java:564)
	at org.testng.internal.Invoker.invokeConfigurations(Invoker.java:213)
	at org.testng.internal.Invoker.invokeMethod(Invoker.java:653)
	at org.testng.internal.Invoker.invokeTestMethod(Invoker.java:901)
	at org.testng.internal.Invoker.invokeTestMethods(Invoker.java:1231)
	at org.testng.internal.TestMethodWorker.invokeTestMethods(TestMethodWorker.java:127)
	at org.testng.internal.TestMethodWorker.run(TestMethodWorker.java:111)
	at org.testng.TestRunner.privateRun(TestRunner.java:767)
	at org.testng.TestRunner.run(TestRunner.java:617)
	at org.testng.SuiteRunner.runTest(SuiteRunner.java:334)
	at org.testng.SuiteRunner.access$000(SuiteRunner.java:37)
	at org.testng.SuiteRunner$SuiteWorker.run(SuiteRunner.java:368)
	at org.testng.internal.thread.ThreadUtil$2.call(ThreadUtil.java:64)
	at java.util.concurrent.FutureTask.run(FutureTask.java:262)
	at java.util.concurrent.ThreadPoolExecutor.runWorker(ThreadPoolExecutor.java:1145)
	at java.util.concurrent.ThreadPoolExecutor$Worker.run(ThreadPoolExecutor.java:615)
	at java.lang.Thread.run(Thread.java:745)
Caused by: org.openqa.selenium.remote.UnreachableBrowserException: Error communicating with the remote browser. It may have died.
Build info: version: &apos;2.42.2&apos;, revision: &apos;6a6995d&apos;, time: &apos;2014-06-03 17:42:03&apos;
System info: host: &apos;Rahuls-iMac.local&apos;, ip: &apos;192.168.0.8&apos;, os.name: &apos;Mac OS X&apos;, os.arch: &apos;x86_64&apos;, os.version: &apos;10.9.4&apos;, java.version: &apos;1.7.0_67&apos;
Driver info: driver.version: EventFiringWebDriver
Build info: version: &apos;2.42.2&apos;, revision: &apos;6a6995d&apos;, time: &apos;2014-06-03 17:42:03&apos;
System info: host: &apos;Rahuls-iMac.local&apos;, ip: &apos;192.168.0.8&apos;, os.name: &apos;Mac OS X&apos;, os.arch: &apos;x86_64&apos;, os.version: &apos;10.9.4&apos;, java.version: &apos;1.7.0_67&apos;
Driver info: driver.version: unknown
</pre></div><a href='#' onClick='toggleBox("stack-trace209419873", this, "Click to show all stack frames", "Click to hide stack frames")'>Click to show all stack frames</a>
<div class='stack-trace' id='stack-trace209419873'><pre>org.openqa.selenium.WebDriverException: Error communicating with the remote browser. It may have died.
Build info: version: &apos;2.42.2&apos;, revision: &apos;6a6995d&apos;, time: &apos;2014-06-03 17:42:03&apos;
System info: host: &apos;Rahuls-iMac.local&apos;, ip: &apos;192.168.0.8&apos;, os.name: &apos;Mac OS X&apos;, os.arch: &apos;x86_64&apos;, os.version: &apos;10.9.4&apos;, java.version: &apos;1.7.0_67&apos;
Driver info: driver.version: EventFiringWebDriver
Command duration or timeout: 6.52 seconds
Build info: version: &apos;2.42.2&apos;, revision: &apos;6a6995d&apos;, time: &apos;2014-06-03 17:42:03&apos;
System info: host: &apos;Rahuls-iMac.local&apos;, ip: &apos;192.168.0.8&apos;, os.name: &apos;Mac OS X&apos;, os.arch: &apos;x86_64&apos;, os.version: &apos;10.9.4&apos;, java.version: &apos;1.7.0_67&apos;
Session ID: d2fedc97-a400-4d86-ab66-8f809729e5a8
Driver info: org.openqa.selenium.remote.RemoteWebDriver
Capabilities [{platform=MAC, acceptSslCerts=true, javascriptEnabled=true, browserName=firefox, rotatable=false, locationContextEnabled=true, webdriver.remote.sessionid=d2fedc97-a400-4d86-ab66-8f809729e5a8, version=31.0, cssSelectorsEnabled=true, databaseEnabled=true, handlesAlerts=true, nativeEvents=false, webStorageEnabled=true, applicationCacheEnabled=true, takesScreenshot=true}]
	at sun.reflect.NativeConstructorAccessorImpl.newInstance0(Native Method)
	at sun.reflect.NativeConstructorAccessorImpl.newInstance(NativeConstructorAccessorImpl.java:57)
	at sun.reflect.DelegatingConstructorAccessorImpl.newInstance(DelegatingConstructorAccessorImpl.java:45)
	at java.lang.reflect.Constructor.newInstance(Constructor.java:526)
	at org.openqa.selenium.remote.ErrorHandler.createThrowable(ErrorHandler.java:204)
	at org.openqa.selenium.remote.ErrorHandler.throwIfResponseFailed(ErrorHandler.java:156)
	at org.openqa.selenium.remote.RemoteWebDriver.execute(RemoteWebDriver.java:599)
	at org.openqa.selenium.remote.RemoteWebDriver.get(RemoteWebDriver.java:304)
	at com.auction.init.SeleniumInit.setUp(SeleniumInit.java:177)
	at sun.reflect.NativeMethodAccessorImpl.invoke0(Native Method)
	at sun.reflect.NativeMethodAccessorImpl.invoke(NativeMethodAccessorImpl.java:57)
	at sun.reflect.DelegatingMethodAccessorImpl.invoke(DelegatingMethodAccessorImpl.java:43)
	at java.lang.reflect.Method.invoke(Method.java:606)
	at org.testng.internal.MethodInvocationHelper.invokeMethod(MethodInvocationHelper.java:84)
	at org.testng.internal.Invoker.invokeConfigurationMethod(Invoker.java:564)
	at org.testng.internal.Invoker.invokeConfigurations(Invoker.java:213)
	at org.testng.internal.Invoker.invokeMethod(Invoker.java:653)
	at org.testng.internal.Invoker.invokeTestMethod(Invoker.java:901)
	at org.testng.internal.Invoker.invokeTestMethods(Invoker.java:1231)
	at org.testng.internal.TestMethodWorker.invokeTestMethods(TestMethodWorker.java:127)
	at org.testng.internal.TestMethodWorker.run(TestMethodWorker.java:111)
	at org.testng.TestRunner.privateRun(TestRunner.java:767)
	at org.testng.TestRunner.run(TestRunner.java:617)
	at org.testng.SuiteRunner.runTest(SuiteRunner.java:334)
	at org.testng.SuiteRunner.access$000(SuiteRunner.java:37)
	at org.testng.SuiteRunner$SuiteWorker.run(SuiteRunner.java:368)
	at org.testng.internal.thread.ThreadUtil$2.call(ThreadUtil.java:64)
	at java.util.concurrent.FutureTask.run(FutureTask.java:262)
	at java.util.concurrent.ThreadPoolExecutor.runWorker(ThreadPoolExecutor.java:1145)
	at java.util.concurrent.ThreadPoolExecutor$Worker.run(ThreadPoolExecutor.java:615)
	at java.lang.Thread.run(Thread.java:745)
Caused by: org.openqa.selenium.remote.UnreachableBrowserException: Error communicating with the remote browser. It may have died.
Build info: version: &apos;2.42.2&apos;, revision: &apos;6a6995d&apos;, time: &apos;2014-06-03 17:42:03&apos;
System info: host: &apos;Rahuls-iMac.local&apos;, ip: &apos;192.168.0.8&apos;, os.name: &apos;Mac OS X&apos;, os.arch: &apos;x86_64&apos;, os.version: &apos;10.9.4&apos;, java.version: &apos;1.7.0_67&apos;
Driver info: driver.version: EventFiringWebDriver
Build info: version: &apos;2.42.2&apos;, revision: &apos;6a6995d&apos;, time: &apos;2014-06-03 17:42:03&apos;
System info: host: &apos;Rahuls-iMac.local&apos;, ip: &apos;192.168.0.8&apos;, os.name: &apos;Mac OS X&apos;, os.arch: &apos;x86_64&apos;, os.version: &apos;10.9.4&apos;, java.version: &apos;1.7.0_67&apos;
Driver info: driver.version: unknown
</pre></div></td>
<td>0</td>
<td>com.auction.verifications.Index@52ccff1e</td></tr>
</table><p>
<table width='100%' border='1' class='invocation-skipped'>
<tr><td colspan='4' align='center'><b>SKIPPED TESTS</b></td></tr>
<tr><td><b>Test method</b></td>
<td width="30%"><b>Exception</b></td>
<td width="10%"><b>Time (seconds)</b></td>
<td><b>Instance</b></td>
</tr>
<tr>
<td title='com.auction.verifications.Index.regularSignupWithBasicInfoNotMandatoryAndCCInfoMandatory()'><b>regularSignupWithBasicInfoNotMandatoryAndCCInfoMandatory</b><br>Test class: com.auction.verifications.Index<br>Parameters: admin, 123123<br/>
<a href="#Output-1905467488" onClick='toggleBox("Output-1905467488", this, "Show output", "Hide output");'>Show output</a>

<a href="#Output-1905467488" onClick="toggleAllBoxes();">Show all outputs</a>
<div class='log' id="Output-1905467488">
<br> <b>Please look to the screenshot - </b><br/>
</div>
</td>
<td></td>
<td>0</td>
<td>com.auction.verifications.Index@52ccff1e</td></tr>
</table><p>
</body>
</html>